make all --print-data-base --no-builtin-variables --no-builtin-rules --question
# GNU Make 4.3
# Built for x86_64-pc-linux-gnu
# Copyright (C) 1988-2020 Free Software Foundation, Inc.
# License GPLv3+: GNU GPL version 3 or later <http://gnu.org/licenses/gpl.html>
# This is free software: you are free to change and redistribute it.
# There is NO WARRANTY, to the extent permitted by law.

# Make data base, printed on Mon Jan  1 01:36:45 2024

# Variables

# environment
GDK_BACKEND = x11
# environment
LC_ALL = C
# environment
GNOME_SHELL_SESSION_MODE = ubuntu
# environment
SSH_AGENT_LAUNCHER = gnome-keyring
# environment
GJS_DEBUG_OUTPUT = stderr
# environment
SNAP_LAUNCHER_ARCH_TRIPLET = x86_64-linux-gnu
# environment
LC_NAME = az_IR
# environment
LC_NUMERIC = az_IR
# environment
VSCODE_CRASH_REPORTER_PROCESS_TYPE = extensionHost
# environment
VSCODE_CWD = /home/mohsen
# environment
LC_ADDRESS = az_IR
# default
MAKE_COMMAND := make
# environment
QT_ACCESSIBILITY = 1
# automatic
@D = $(patsubst %/,%,$(dir $@))
# environment
SNAP_INSTANCE_NAME = code
# environment
GDK_PIXBUF_MODULEDIR = /snap/code/148/usr/lib/x86_64-linux-gnu/gdk-pixbuf-2.0/2.10.0/loaders
# environment
VSCODE_HANDLES_UNCAUGHT_ERRORS = true
# default
.VARIABLES := 
# environment
PWD = /home/mohsen/Downloads/Assignment1_ARP/assignment1_arp
# automatic
%D = $(patsubst %/,%,$(dir $%))
# environment
XDG_DATA_DIRS = /home/mohsen/snap/code/148/.local/share:/home/mohsen/snap/code/148:/snap/code/148/usr/share:/usr/share/ubuntu:/usr/local/share/:/usr/share/:/var/lib/snapd/desktop
# environment
SNAP_EUID = 1000
# automatic
^D = $(patsubst %/,%,$(dir $^))
# automatic
%F = $(notdir $%)
# environment
VSCODE_CODE_CACHE_PATH = /home/mohsen/.config/Code/CachedData/0ee08df0cf4527e40edc9aa28f4b5bd38bbff2b2
# environment
LANG = C
# environment
XAUTHORITY = /run/user/1000/.mutter-Xwaylandauth.QB0QG2
# default
.LOADED := 
# default
.INCLUDE_DIRS = /usr/local/include /usr/include /usr/include
# makefile
MAKEFLAGS = pqrR
# makefile
CURDIR := /home/mohsen/Downloads/Assignment1_ARP/assignment1_arp
# environment
APPLICATION_INSIGHTS_NO_DIAGNOSTIC_CHANNEL = 1
# environment
LESSOPEN = | /usr/bin/lesspipe %s
# environment
VSCODE_L10N_BUNDLE_LOCATION = 
# automatic
*D = $(patsubst %/,%,$(dir $*))
# environment
MFLAGS = -pqrR
# environment
SSH_AUTH_SOCK = /run/user/1000/keyring/ssh
# default
.SHELLFLAGS := -c
# environment
WAYLAND_DISPLAY = wayland-0
# environment
XDG_CONFIG_DIRS = /etc/xdg/xdg-ubuntu:/etc/xdg
# automatic
+D = $(patsubst %/,%,$(dir $+))
# environment
XDG_SESSION_DESKTOP = ubuntu
# makefile (from 'makefile', line 1)
MAKEFILE_LIST := makefile
# automatic
@F = $(notdir $@)
# environment
VSCODE_PID = 797605
# environment
XDG_SESSION_TYPE = wayland
# automatic
?D = $(patsubst %/,%,$(dir $?))
# environment
BAMF_DESKTOP_FILE_HINT = /var/lib/snapd/desktop/applications/code_code.desktop
# environment
SESSION_MANAGER = local/mohsen-N501VW:@/tmp/.ICE-unix/1910,unix/mohsen-N501VW:/tmp/.ICE-unix/1910
# automatic
*F = $(notdir $*)
# environment
CHROME_DESKTOP = code-url-handler.desktop
# environment
DBUS_SESSION_BUS_ADDRESS = unix:path=/run/user/1000/bus
# automatic
<D = $(patsubst %/,%,$(dir $<))
# environment
VSCODE_NLS_CONFIG = {"locale":"en-us","osLocale":"en-us","availableLanguages":{},"_languagePackSupport":true}
# default
MAKE_HOST := x86_64-pc-linux-gnu
# environment
GTK_PATH = /snap/code/148/usr/lib/x86_64-linux-gnu/gtk-3.0
# environment
GNOME_DESKTOP_SESSION_ID = this-is-deprecated
# makefile
SHELL = /bin/sh
# default
MAKECMDGOALS := all
# environment
XMODIFIERS = @im=ibus
# environment
GJS_DEBUG_TOPICS = JS ERROR;JS LOG
# environment
SHLVL = 0
# environment
MAKELEVEL := 0
# environment
IM_CONFIG_CHECK_ENV = 1
# default
MAKE = $(MAKE_COMMAND)
# environment
SNAP_COOKIE = K04Jxz_6q3uMubXKcW1UeyM4d-SpfXLhjahRIBr2SoN2ZElBGy0N
# environment
PATH = /usr/local/sbin:/usr/local/bin:/usr/sbin:/usr/bin:/sbin:/bin:/usr/games:/usr/local/games:/snap/bin:/snap/bin
# default
MAKEFILES := 
# environment
LC_MONETARY = az_IR
# automatic
^F = $(notdir $^)
# environment
SNAP_USER_COMMON = /home/mohsen/snap/code/common
# environment
LC_TIME = az_IR
# environment
SNAP = /snap/code/148
# environment
INVOCATION_ID = 8c696741177f45f18a9fe75fa24ac563
# environment
SNAP_REVISION = 148
# environment
SNAP_REAL_HOME = /home/mohsen
# environment
USERNAME = mohsen
# environment
GNOME_SETUP_DISPLAY = :1
# environment
LC_TELEPHONE = az_IR
# environment
LESSCLOSE = /usr/bin/lesspipe %s %s
# automatic
?F = $(notdir $?)
# environment
GTK_IM_MODULE_FILE = /home/mohsen/snap/code/common/.cache/immodules/immodules.cache
# environment
XDG_CURRENT_DESKTOP = Unity
# automatic
+F = $(notdir $+)
# environment
DESKTOP_SESSION = ubuntu
# environment
ORIGINAL_XDG_CURRENT_DESKTOP = ubuntu:GNOME
# environment
LOCPATH = /snap/code/148/usr/lib/locale
# environment
GNUMAKEFLAGS := 
# environment
XDG_DATA_DIRS_VSCODE_SNAP_ORIG = /usr/share/ubuntu:/usr/local/share/:/usr/share/:/var/lib/snapd/desktop
# environment
LOGNAME = mohsen
# environment
GIO_LAUNCHED_DESKTOP_FILE = /var/lib/snapd/desktop/applications/code_code.desktop
# environment
SNAP_ARCH = amd64
# makefile
.DEFAULT_GOAL := all
# environment
SYSTEMD_EXEC_PID = 1932
# environment
DISPLAY = :0
# environment
USER = mohsen
# environment
GTK_MODULES = gail:atk-bridge
# default
MAKE_VERSION := 4.3
# environment
SNAP_DATA = /var/snap/code/148
# environment
SNAP_CONTEXT = K04Jxz_6q3uMubXKcW1UeyM4d-SpfXLhjahRIBr2SoN2ZElBGy0N
# environment
MANAGERPID = 1757
# environment
LC_MEASUREMENT = az_IR
# environment
GIO_LAUNCHED_DESKTOP_FILE_PID = 797550
# environment
_ = /snap/code/148/usr/share/code/code
# environment
LC_PAPER = az_IR
# environment
XDG_RUNTIME_DIR = /run/user/1000
# environment
SNAP_UID = 1000
# environment
XDG_CONFIG_DIRS_VSCODE_SNAP_ORIG = /etc/xdg/xdg-ubuntu:/etc/xdg
# environment
GDK_PIXBUF_MODULE_FILE = /home/mohsen/snap/code/common/.cache/gdk-pixbuf-loaders.cache
# environment
GIO_MODULE_DIR = /home/mohsen/snap/code/common/.cache/gio-modules
# environment
JOURNAL_STREAM = 8:35969
# environment
XDG_SESSION_CLASS = user
# environment
VSCODE_AMD_ENTRYPOINT = vs/workbench/api/node/extensionHostProcess
# environment
HOME = /home/mohsen
# environment
QT_IM_MODULE = ibus
# environment
ELECTRON_RUN_AS_NODE = 1
# environment
VSCODE_IPC_HOOK = /run/user/1000/vscode-d61d62b1-1.85-main.sock
# environment
GTK_EXE_PREFIX = /snap/code/148/usr
# environment
SNAP_NAME = code
# environment
GSETTINGS_SCHEMA_DIR = /home/mohsen/snap/code/148/.local/share/glib-2.0/schemas
# environment
IM_CONFIG_PHASE = 1
# default
.RECIPEPREFIX := 
# automatic
<F = $(notdir $<)
# environment
SNAP_VERSION = 0ee08df0
# default
SUFFIXES := 
# environment
VSCODE_CLI = 1
# environment
ELECTRON_NO_ATTACH_CONSOLE = 1
# environment
SNAP_COMMON = /var/snap/code/common
# default
.FEATURES := target-specific order-only second-expansion else-if shortest-stem undefine oneshell nocomment grouped-target extra-prereqs archives jobserver output-sync check-symlink load
# environment
SNAP_USER_DATA = /home/mohsen/snap/code/148
# environment
XDG_MENU_PREFIX = gnome-
# environment
GDMSESSION = ubuntu
# environment
LC_IDENTIFICATION = az_IR
# environment
SNAP_LIBRARY_PATH = /var/lib/snapd/lib/gl:/var/lib/snapd/lib/gl32:/var/lib/snapd/void
# variable set hash-table stats:
# Load=134/1024=13%, Rehash=0, Collisions=5/148=3%

# Pattern-specific Variable Values

# No pattern-specific variable values.

# Directories

 
makefile:9: *** missing separator.  Stop.

# . (device 2067, inode 34410596): 13 files, no impossibilities.

# 13 files, no impossibilities in 1 directories.

# Implicit Rules

# No implicit rules.

# Files

# Not a target:
window:
#  Implicit rule search has not been done.
#  Modification time never checked.
#  File has not been updated.

clean:
#  Implicit rule search has not been done.
#  Modification time never checked.
#  File has not been updated.
#  recipe to execute (from 'makefile', line 5):
	rm bin/*

# Not a target:
keyboard_manager:
#  Implicit rule search has not been done.
#  Modification time never checked.
#  File has not been updated.

# Not a target:
server:
#  Implicit rule search has not been done.
#  Modification time never checked.
#  File has not been updated.

master:
#  Implicit rule search has not been done.
#  Modification time never checked.
#  File has not been updated.

# Not a target:
.DEFAULT:
#  Implicit rule search has not been done.
#  Modification time never checked.
#  File has not been updated.

all: clean master server drone keyboard_manager window watchdog
#  Command line target.
#  Implicit rule search has not been done.
#  Modification time never checked.
#  File has not been updated.

# Not a target:
makefile:
#  Implicit rule search has not been done.
#  Modification time never checked.
#  File has not been updated.

# Not a target:
watchdog:
#  Implicit rule search has not been done.
#  Modification time never checked.
#  File has not been updated.

# Not a target:
drone:
#  Implicit rule search has not been done.
#  Modification time never checked.
#  File has not been updated.

# files hash-table stats:
# Load=11/1024=1%, Rehash=0, Collisions=0/22=0%
# VPATH Search Paths

# No 'vpath' search paths.

# No general ('VPATH' variable) search path.

# strcache buffers: 1 (0) / strings = 25 / storage = 235 B / avg = 9 B
# current buf: size = 8162 B / used = 235 B / count = 25 / avg = 9 B

# strcache performance: lookups = 35 / hit rate = 28%
# hash-table stats:
# Load=25/8192=0%, Rehash=0, Collisions=0/35=0%
# Finished Make data base on Mon Jan  1 01:36:45 2024

 
